analyzing contract [ Rewrite ]
exit contract [ Rewrite ]
analyzing contract [ Rewrite ]
exit contract [ Rewrite ]
state variables: 
	varName: payments@118, value: payments@118_0_, sort: (Array String Int)
	varName: benefits@114, value: benefits@114_0_, sort: (Array String Int)
	varName: utilities@110, value: utilities@110_0_, sort: (Array String Int)
	varName: endTime@10, value: endTime@10_0_, sort: Int
	varName: winnerAddr@8, value: winnerAddr@8_0_, sort: String
	varName: msg.value, value: msg.value_0_, sort: Int
	varName: msg.sender, value: msg.sender_0_, sort: String
	varName: this.balance, value: this.balance_0_, sort: Int
	varName: userEtherOf@4, value: userEtherOf@4_0_, sort: (Array String Int)
	varName: price@6, value: price@6_0_, sort: Int
	varName: block.timestamp, value: block.timestamp_0_, sort: Int
local variables: 
	varName: block_timestamp3@242, value: block_timestamp3@242_0_, sort: Int
	varName: msg_price3@240, value: msg_price3@240_0_, sort: Int
	varName: msg_value3@238, value: msg_value3@238_0_, sort: Int
	varName: p3@236, value: p3@236_0_, sort: Int
	varName: msg_price2@230, value: msg_price2@230_0_, sort: Int
	varName: msg_value2@228, value: msg_value2@228_0_, sort: Int
	varName: winners_count@531, value: winners_count@531_0_, sort: Int
	varName: u@150, value: u@150_0_, sort: Int
	varName: v1@162, value: v1@162_0_, sort: Int
	varName: a@138, value: a@138_0_, sort: Int
	varName: b@154, value: b@154_0_, sort: Int
	varName: a@144, value: a@144_0_, sort: Int
	varName: a@126, value: a@126_0_, sort: Int
	varName: msg_sender@12, value: msg_sender@12_0_, sort: String
	varName: allocation@206, value: allocation@206_0_, sort: String
	varName: u12@160, value: u12@160_0_, sort: Int
	varName: _price@16, value: _price@16_0_, sort: Int
	varName: v_1@164, value: v_1@164_0_, sort: Int
	varName: allocation@194, value: allocation@194_0_, sort: String
	varName: block_timestamp@18, value: block_timestamp@18_0_, sort: Int
	varName: msg_sender3@234, value: msg_sender3@234_0_, sort: String
	varName: a@132, value: a@132_0_, sort: Int
	varName: _result@21, value: _result@21_0_, sort: Bool
	varName: msg_price1@220, value: msg_price1@220_0_, sort: Int
	varName: msg_value@14, value: msg_value@14_0_, sort: Int
	varName: v2@166, value: v2@166_0_, sort: Int
	varName: player@176, value: player@176_0_, sort: String
	varName: benefit@184, value: benefit@184_0_, sort: Int
	varName: v_2@168, value: v_2@168_0_, sort: Int
	varName: allocation@174, value: allocation@174_0_, sort: String
	varName: other_allocation@208, value: other_allocation@208_0_, sort: String
	varName: block_timestamp2@232, value: block_timestamp2@232_0_, sort: Int
	varName: allocation@186, value: allocation@186_0_, sort: String
	varName: other_allocation@188, value: other_allocation@188_0_, sort: String
	varName: a@152, value: a@152_0_, sort: Int
	varName: msg_value1@218, value: msg_value1@218_0_, sort: Int
	varName: player@196, value: player@196_0_, sort: String
	varName: benefit@204, value: benefit@204_0_, sort: Int
	varName: msg_sender2@224, value: msg_sender2@224_0_, sort: String
	varName: a@120, value: a@120_0_, sort: String
	varName: benefit@178, value: benefit@178_0_, sort: Int
	varName: payment@198, value: payment@198_0_, sort: Int
	varName: msg_sender1@214, value: msg_sender1@214_0_, sort: String
	varName: p1@216, value: p1@216_0_, sort: Int
	varName: p2@226, value: p2@226_0_, sort: Int
	varName: block_timestamp1@222, value: block_timestamp1@222_0_, sort: Int
%%%%%%%%%%%%%%%%%%%%%%%%%%%%%%%%%%%%%%%%%%%%%%
symbolically execute function [_Main_]
CHECK PASS FAILED 0
Using Z3 solver to optimize value expression
-------------------------------------------------------------------------
-------------------------------------------------------------------------
-------------------------------------------------------------------------
--------------------------------OUTCOME-------------------------------------
|truthful violate check        |value                                   |
-------------------------------------------------------------------------
|utilities[msg_sender1]        |Untruthful                              |
-------------------------------------------
|Untruthful Case                          |
-------------------------------------------
----------------State Variable-----------------------
|name                |value               |
|payments            |(store (store (store ((as const (Array String Int)) 5) "!2!" 0) "!0!" 0)
       "!3!"
       100000000001)|
|benefits            |(store (store (store ((as const (Array String Int)) 4) "!2!" 0) "!0!" 0)
       "!3!"
       100000000001)|
|utilities           |(store (store (store ((as const (Array String Int)) 3) "!2!" 0) "!0!" 0)
       "!3!"
       0)|
|endTime             |1000000             |
|winnerAddr          |"!3!"               |
|userEtherOf         |(let ((a!1 (store (store (store ((as const (Array String Int)) 2) "!2!" 0)
                         "!0!"
                         0)
                  "!1!"
                  0)))
(let ((a!2 (store (store (store (store a!1 "!3!" 0) "!0!" 100000008856)
                         "!2!"
                         100000002438)
                  "!3!"
                  0)))
  (store a!2 "!1!" 0)))|
|price               |100000000001        |
----------------Local Variable-----------------------
|block_timestamp3    |0                   |
|msg_price3          |100000000001        |
|msg_value3          |100000000001        |
|p3                  |100000000001        |
|msg_price2          |100000002439        |
|msg_value2          |100000002438        |
|winners_count       |1                   |
|msg_sender          |"!3!"               |
|_price              |100000000001        |
|block_timestamp     |0                   |
|msg_sender3         |"!3!"               |
|_result             |true                |
|msg_price1          |100000008857        |
|msg_value           |100000000001        |
|msg_value1          |100000008856        |
|msg_sender2         |"!2!"               |
|msg_sender1         |"!0!"               |
|p1                  |100000008857        |
|p2                  |100000002439        |
|block_timestamp1    |0                   |
-------------------------------------------

|utilities                     |value                                   |
-------------------------------------------------------------------------
|utilities[msg_sender1]        |0                                       |
-------------------------------------------------------------------------
|utilities[msg_sender2]        |0                                       |
-------------------------------------------------------------------------
|utilities[msg_sender3]        |0                                       |
-------------------------------------------------------------------------
|revenue                       |value                                   |
-------------------------------------------------------------------------

|winner                        |value                                   |
-------------------------------------------------------------------------
|msg_sender3                   |"!3!"                                   |
-------------------------------------------------------------------------

hint
msg_price1@220_0_: 100000008857
msg_price1@220_0_#2: 100000000001
a's utility::0
new a's utility:8856
-------------------------------------------------------------------------
|collusion violate check       |value                                   |
-------------------------------------------------------------------------
|effecient violate check       |value                                   |
-------------------------------------------------------------------------
|optimal violate check         |value                                   |
**************************************
*    outcome pattern                 *
**************************************
*************************************
*         report                    *
*************************************
* model construction time: 5.768s
*  property checking time: 0.077s
*              total time: 5.845s
*  pattern [ fairness:(contexts)-(violates) ] 
*      truthful:13-1
*collusion-free:13-0
*       optimal:13-0
*     efficient:13-0
*************************************
