analyzing contract [ Auction ]
exit contract [ Auction ]
analyzing contract [ Auction ]
exit contract [ Auction ]
state variables: 
	varName: payments@499, value: payments@499_0_, sort: (Array String Int)
	varName: benefits@495, value: benefits@495_0_, sort: (Array String Int)
	varName: increaseTimeBy@42, value: increaseTimeBy@42_0_, sort: Int
	varName: description@3, value: description@3_0_, sort: String
	varName: block.timestamp, value: block.timestamp_0_, sort: Int
	varName: this.balance, value: this.balance_0_, sort: Int
	varName: winner@21, value: winner@21_0_, sort: String
	varName: msg.sender, value: msg.sender_0_, sort: String
	varName: instructions@5, value: instructions@5_0_, sort: String
	varName: msg.value, value: msg.value_0_, sort: Int
	varName: increaseTimeIfBidBeforeEnd@35, value: increaseTimeIfBidBeforeEnd@35_0_, sort: Int
	varName: utilities@491, value: utilities@491_0_, sort: (Array String Int)
	varName: accountsList@28, value: accountsList@28_0_, sort: (Array Int String)
	varName: initialPrice@10, value: initialPrice@10_0_, sort: Bool
	varName: timestampEnd@12, value: timestampEnd@12_0_, sort: Int
	varName: finalized@17, value: finalized@17_0_, sort: Bool
	varName: beneficiary@14, value: beneficiary@14_0_, sort: String
	varName: owner@19, value: owner@19_0_, sort: String
	varName: price@7, value: price@7_0_, sort: Int
	varName: bids@25, value: bids@25_0_, sort: (Array String Int)
local variables: 
	varName: msg_gas3@621, value: msg_gas3@621_0_, sort: Int
	varName: msg_value3@619, value: msg_value3@619_0_, sort: Int
	varName: p3@617, value: p3@617_0_, sort: Int
	varName: msg_sender3@615, value: msg_sender3@615_0_, sort: String
	varName: block_timestamp2@613, value: block_timestamp2@613_0_, sort: Int
	varName: msg_gas2@611, value: msg_gas2@611_0_, sort: Int
	varName: p2@607, value: p2@607_0_, sort: Int
	varName: block_timestamp1@603, value: block_timestamp1@603_0_, sort: Int
	varName: msg_gas1@601, value: msg_gas1@601_0_, sort: Int
	varName: p1@597, value: p1@597_0_, sort: Int
	varName: a@519, value: a@519_0_, sort: Int
	varName: winners_count@897, value: winners_count@897_0_, sort: Int
	varName: allocation@575, value: allocation@575_0_, sort: String
	varName: a@501, value: a@501_0_, sort: String
	varName: v1@543, value: v1@543_0_, sort: Int
	varName: msg_value@399, value: msg_value@399_0_, sort: Int
	varName: msg_sender2@605, value: msg_sender2@605_0_, sort: String
	varName: _description@95, value: _description@95_0_, sort: String
	varName: u@531, value: u@531_0_, sort: Int
	varName: player@557, value: player@557_0_, sort: String
	varName: v_1@545, value: v_1@545_0_, sort: Int
	varName: a@507, value: a@507_0_, sort: Int
	varName: i@314, value: i@314_0_, sort: Int
	varName: _timestampEnd@125, value: _timestampEnd@125_0_, sort: Int
	varName: msg_sender@397, value: msg_sender@397_0_, sort: String
	varName: _instructions@107, value: _instructions@107_0_, sort: String
	varName: _price@121, value: _price@121_0_, sort: Int
	varName: msg_value1@599, value: msg_value1@599_0_, sort: Int
	varName: allocation@555, value: allocation@555_0_, sort: String
	varName: other_allocation@589, value: other_allocation@589_0_, sort: String
	varName: msg_value2@609, value: msg_value2@609_0_, sort: Int
	varName: a@513, value: a@513_0_, sort: Int
	varName: _description@123, value: _description@123_0_, sort: String
	varName: block_timestamp@401, value: block_timestamp@401_0_, sort: Int
	varName: block_timestamp3@623, value: block_timestamp3@623_0_, sort: Int
	varName: _beneficiary@127, value: _beneficiary@127_0_, sort: String
	varName: a@525, value: a@525_0_, sort: Int
	varName: player@577, value: player@577_0_, sort: String
	varName: a@533, value: a@533_0_, sort: Int
	varName: v2@547, value: v2@547_0_, sort: Int
	varName: b@535, value: b@535_0_, sort: Int
	varName: v_2@549, value: v_2@549_0_, sort: Int
	varName: allocation@567, value: allocation@567_0_, sort: String
	varName: other_allocation@569, value: other_allocation@569_0_, sort: String
	varName: payment@579, value: payment@579_0_, sort: Int
	varName: benefit@559, value: benefit@559_0_, sort: Int
	varName: benefit@585, value: benefit@585_0_, sort: Int
	varName: allocation@587, value: allocation@587_0_, sort: String
	varName: benefit@565, value: benefit@565_0_, sort: Int
	varName: u12@541, value: u12@541_0_, sort: Int
	varName: msg_sender1@595, value: msg_sender1@595_0_, sort: String
%%%%%%%%%%%%%%%%%%%%%%%%%%%%%%%%%%%%%%%%%%%%%%
symbolically execute function [_Main_]
Using Z3 solver to optimize value expression
-------------------------------------------------------------------------
-------------------------------------------------------------------------
-------------------------------------------------------------------------
--------------------------------OUTCOME-------------------------------------
|truthful violate check        |value                                   |
-------------------------------------------------------------------------
|utilities[msg_sender1]        |Untruthful                              |
-------------------------------------------
|Untruthful Case                          |
-------------------------------------------
----------------State Variable-----------------------
|name                |value               |
|payments            |(let ((a!1 (store (store (store ((as const (Array String Int)) 6) "!0!" 0)
                         "!3!"
                         0)
                  "!2!"
                  0)))
  (store a!1 "!0!" 100000000008))|
|benefits            |(let ((a!1 (store (store (store ((as const (Array String Int)) 2) "!0!" 0)
                         "!3!"
                         0)
                  "!2!"
                  0)))
  (store a!1 "!0!" 100000000008))|
|increaseTimeBy      |100                 |
|increaseTimeIfBidBeforeEnd|10                  |
|accountsList        |accountsList@28_0_.length|
|utilities           |(let ((a!1 (store (store (store ((as const (Array String Int)) 3) "!0!" 0)
                         "!3!"
                         0)
                  "!2!"
                  0)))
  (store a!1 "!0!" 0))|
|winner              |"!0!"               |
|description         |description@3_0_.length|
|instructions        |instructions@5_0_.length|
|initialPrice        |false               |
|timestampEnd        |1091                |
|price               |100000000008        |
|bids                |(let ((a!1 (store (store (store ((as const (Array String Int)) 1) "!0!" 0)
                         "!3!"
                         0)
                  "!2!"
                  0)))
  (store (store (store a!1 "!0!" 100000000008) "!2!" 100000000001)
         "!3!"
         100000000001))|
----------------Local Variable-----------------------
|msg_value3          |100000000001        |
|p3                  |100000000001        |
|msg_sender3         |"!3!"               |
|block_timestamp2    |0                   |
|p2                  |100000000001        |
|block_timestamp1    |991                 |
|p1                  |100000000008        |
|winners_count       |1                   |
|msg_value           |100000000001        |
|msg_sender2         |"!2!"               |
|msg_sender          |"!3!"               |
|msg_value1          |100000000008        |
|msg_value2          |100000000001        |
|block_timestamp     |0                   |
|block_timestamp3    |0                   |
|msg_sender1         |"!0!"               |
-------------------------------------------

|utilities                     |value                                   |
-------------------------------------------------------------------------
|utilities[msg_sender1]        |0                                       |
-------------------------------------------------------------------------
|utilities[msg_sender2]        |0                                       |
-------------------------------------------------------------------------
|utilities[msg_sender3]        |0                                       |
-------------------------------------------------------------------------
|revenue                       |value                                   |
-------------------------------------------------------------------------

|winner                        |value                                   |
-------------------------------------------------------------------------
|msg_sender1                   |"!0!"                                   |
-------------------------------------------------------------------------

hint
msg_value1@599_0_: 100000000008
msg_value1@599_0_#2: 100000000004
a's utility::0
new a's utility:4
-------------------------------------------------------------------------
|collusion violate check       |value                                   |
-------------------------------------------------------------------------
|effecient violate check       |value                                   |
-------------------------------------------------------------------------
|optimal violate check         |value                                   |
**************************************
*    outcome pattern                 *
**************************************
*************************************
*         report                    *
*************************************
* model construction time: 7.894s
*  property checking time: 0.111s
*              total time: 8.005s
*  pattern [ fairness:(contexts)-(violates) ] 
*      truthful:18-1
*collusion-free:18-0
*       optimal:18-0
*     efficient:18-0
*************************************
