analyzing contract [ CryptoRomeAuction ]
exit contract [ CryptoRomeAuction ]
analyzing contract [ CryptoRomeAuction ]
exit contract [ CryptoRomeAuction ]
state variables: 
	varName: benefits@130, value: benefits@130_0_, sort: (Array String Int)
	varName: refunds@28, value: refunds@28_0_, sort: (Array String Int)
	varName: startingPrice@4, value: startingPrice@4_0_, sort: Int
	varName: extensionTime@10, value: extensionTime@10_0_, sort: Int
	varName: utilities@126, value: utilities@126_0_, sort: (Array String Int)
	varName: block.timestamp, value: block.timestamp_0_, sort: Int
	varName: this.balance, value: this.balance_0_, sort: Int
	varName: auctionStart@2, value: auctionStart@2_0_, sort: Int
	varName: paymentAddress@20, value: paymentAddress@20_0_, sort: String
	varName: msg.sender, value: msg.sender_0_, sort: String
	varName: payments@134, value: payments@134_0_, sort: (Array String Int)
	varName: msg.value, value: msg.value_0_, sort: Int
	varName: auctionEnd@8, value: auctionEnd@8_0_, sort: Int
	varName: endingPrice@6, value: endingPrice@6_0_, sort: Int
	varName: highestBid@12, value: highestBid@12_0_, sort: Int
	varName: highestBidder@14, value: highestBidder@14_0_, sort: String
	varName: highestBidderCC@16, value: highestBidderCC@16_0_, sort: (Array Int Int)
	varName: highestBidIsCC@18, value: highestBidIsCC@18_0_, sort: Bool
	varName: tokenId@22, value: tokenId@22_0_, sort: Int
	varName: ended@24, value: ended@24_0_, sort: Bool
local variables: 
	varName: winners_count@740, value: winners_count@740_0_, sort: Int
	varName: expectation@936, value: expectation@936_0_, sort: Int
	varName: block_timestamp6@288, value: block_timestamp6@288_0_, sort: Int
	varName: msg_value6@284, value: msg_value6@284_0_, sort: Int
	varName: msg_gas5@276, value: msg_gas5@276_0_, sort: Int
	varName: msg_sender5@270, value: msg_sender5@270_0_, sort: String
	varName: block_timestamp4@268, value: block_timestamp4@268_0_, sort: Int
	varName: msg_gas4@266, value: msg_gas4@266_0_, sort: Int
	varName: p4@262, value: p4@262_0_, sort: Int
	varName: p5@272, value: p5@272_0_, sort: Int
	varName: msg_sender4@260, value: msg_sender4@260_0_, sort: String
	varName: block_timestamp3@258, value: block_timestamp3@258_0_, sort: Int
	varName: p6@282, value: p6@282_0_, sort: Int
	varName: msg_gas3@256, value: msg_gas3@256_0_, sort: Int
	varName: p3@252, value: p3@252_0_, sort: Int
	varName: msg_sender3@250, value: msg_sender3@250_0_, sort: String
	varName: block_timestamp2@248, value: block_timestamp2@248_0_, sort: Int
	varName: msg_gas2@246, value: msg_gas2@246_0_, sort: Int
	varName: p2@242, value: p2@242_0_, sort: Int
	varName: v_1@180, value: v_1@180_0_, sort: Int
	varName: allocation@190, value: allocation@190_0_, sort: String
	varName: v1@178, value: v1@178_0_, sort: Int
	varName: msg_sender@40, value: msg_sender@40_0_, sort: String
	varName: other_allocation@204, value: other_allocation@204_0_, sort: String
	varName: u@166, value: u@166_0_, sort: Int
	varName: msg_gas6@286, value: msg_gas6@286_0_, sort: Int
	varName: a@136, value: a@136_0_, sort: String
	varName: block_timestamp1@238, value: block_timestamp1@238_0_, sort: Int
	varName: msg_sender6@280, value: msg_sender6@280_0_, sort: String
	varName: a@148, value: a@148_0_, sort: Int
	varName: msg_value5@274, value: msg_value5@274_0_, sort: Int
	varName: msg_value@42, value: msg_value@42_0_, sort: Int
	varName: duration@64, value: duration@64_0_, sort: Int
	varName: a@142, value: a@142_0_, sort: Int
	varName: b@170, value: b@170_0_, sort: Int
	varName: block_timestamp5@278, value: block_timestamp5@278_0_, sort: Int
	varName: msg_gas@44, value: msg_gas@44_0_, sort: Int
	varName: v2@182, value: v2@182_0_, sort: Int
	varName: u12@176, value: u12@176_0_, sort: Int
	varName: a@168, value: a@168_0_, sort: Int
	varName: v_2@184, value: v_2@184_0_, sort: Int
	varName: block_timestamp@46, value: block_timestamp@46_0_, sort: Int
	varName: player@192, value: player@192_0_, sort: String
	varName: benefit@194, value: benefit@194_0_, sort: Int
	varName: msg_value1@234, value: msg_value1@234_0_, sort: Int
	varName: benefit@200, value: benefit@200_0_, sort: Int
	varName: allocation@202, value: allocation@202_0_, sort: String
	varName: allocation@210, value: allocation@210_0_, sort: String
	varName: a@160, value: a@160_0_, sort: Int
	varName: benefit@220, value: benefit@220_0_, sort: Int
	varName: msg_value4@264, value: msg_value4@264_0_, sort: Int
	varName: player@212, value: player@212_0_, sort: String
	varName: payment@214, value: payment@214_0_, sort: Int
	varName: allocation@222, value: allocation@222_0_, sort: String
	varName: msg_value3@254, value: msg_value3@254_0_, sort: Int
	varName: a@154, value: a@154_0_, sort: Int
	varName: other_allocation@224, value: other_allocation@224_0_, sort: String
	varName: msg_gas1@236, value: msg_gas1@236_0_, sort: Int
	varName: msg_value2@244, value: msg_value2@244_0_, sort: Int
	varName: msg_sender1@230, value: msg_sender1@230_0_, sort: String
	varName: p1@232, value: p1@232_0_, sort: Int
	varName: msg_sender2@240, value: msg_sender2@240_0_, sort: String
%%%%%%%%%%%%%%%%%%%%%%%%%%%%%%%%%%%%%%%%%%%%%%
symbolically execute function [_Main_]
CHECK PASS FAILED 0
CHECK PASS FAILED 1
CHECK PASS FAILED 2
CHECK PASS FAILED 3
CHECK PASS FAILED 4
CHECK PASS FAILED 5
CHECK PASS FAILED 6
CHECK PASS FAILED 7
CHECK PASS FAILED 8
CHECK PASS FAILED 9
CHECK PASS FAILED 10
CHECK PASS FAILED 11
CHECK PASS FAILED 12
CHECK PASS FAILED 13
CHECK PASS FAILED 14
CHECK PASS FAILED 15
CHECK PASS FAILED 16
CHECK PASS FAILED 17
CHECK PASS FAILED 18
CHECK PASS FAILED 19
CHECK PASS FAILED 20
CHECK PASS FAILED 21
CHECK PASS FAILED 22
CHECK PASS FAILED 23
CHECK PASS FAILED 24
CHECK PASS FAILED 25
CHECK PASS FAILED 26
CHECK PASS FAILED 27
CHECK PASS FAILED 28
CHECK PASS FAILED 29
CHECK PASS FAILED 30
CHECK PASS FAILED 31
CHECK PASS FAILED 32
CHECK PASS FAILED 33
CHECK PASS FAILED 34
CHECK PASS FAILED 35
CHECK PASS FAILED 36
CHECK PASS FAILED 37
CHECK PASS FAILED 38
CHECK PASS FAILED 39
CHECK PASS FAILED 40
CHECK PASS FAILED 41
CHECK PASS FAILED 42
CHECK PASS FAILED 43
CHECK PASS FAILED 44
CHECK PASS FAILED 45
CHECK PASS FAILED 46
CHECK PASS FAILED 47
CHECK PASS FAILED 48
CHECK PASS FAILED 49
CHECK PASS FAILED 50
CHECK PASS FAILED 51
CHECK PASS FAILED 52
CHECK PASS FAILED 53
CHECK PASS FAILED 54
CHECK PASS FAILED 55
CHECK PASS FAILED 56
CHECK PASS FAILED 57
CHECK PASS FAILED 58
CHECK PASS FAILED 59
CHECK PASS FAILED 60
CHECK PASS FAILED 61
CHECK PASS FAILED 62
CHECK PASS FAILED 63
CHECK PASS FAILED 64
CHECK PASS FAILED 65
CHECK PASS FAILED 66
CHECK PASS FAILED 67
CHECK PASS FAILED 68
CHECK PASS FAILED 69
CHECK PASS FAILED 70
CHECK PASS FAILED 71
CHECK PASS FAILED 72
CHECK PASS FAILED 73
CHECK PASS FAILED 74
CHECK PASS FAILED 75
CHECK PASS FAILED 76
CHECK PASS FAILED 77
CHECK PASS FAILED 78
CHECK PASS FAILED 79
CHECK PASS FAILED 80
CHECK PASS FAILED 81
CHECK PASS FAILED 82
CHECK PASS FAILED 83
CHECK PASS FAILED 84
CHECK PASS FAILED 85
CHECK PASS FAILED 86
CHECK PASS FAILED 87
CHECK PASS FAILED 88
CHECK PASS FAILED 89
CHECK PASS FAILED 90
CHECK PASS FAILED 91
CHECK PASS FAILED 92
CHECK PASS FAILED 93
CHECK PASS FAILED 94
CHECK PASS FAILED 95
CHECK PASS FAILED 96
CHECK PASS FAILED 97
CHECK PASS FAILED 98
CHECK PASS FAILED 99
CHECK PASS FAILED 100
CHECK PASS FAILED 101
CHECK PASS FAILED 102
CHECK PASS FAILED 103
CHECK PASS FAILED 104
CHECK PASS FAILED 105
CHECK PASS FAILED 106
CHECK PASS FAILED 107
CHECK PASS FAILED 108
CHECK PASS FAILED 109
CHECK PASS FAILED 110
CHECK PASS FAILED 111
CHECK PASS FAILED 112
CHECK PASS FAILED 113
CHECK PASS FAILED 114
CHECK PASS FAILED 115
CHECK PASS FAILED 116
CHECK PASS FAILED 117
CHECK PASS FAILED 118
CHECK PASS FAILED 119
CHECK PASS FAILED 120
CHECK PASS FAILED 121
CHECK PASS FAILED 122
CHECK PASS FAILED 123
CHECK PASS FAILED 124
CHECK PASS FAILED 125
CHECK PASS FAILED 126
CHECK PASS FAILED 127
CHECK PASS FAILED 128
CHECK PASS FAILED 129
CHECK PASS FAILED 130
CHECK PASS FAILED 131
CHECK PASS FAILED 132
CHECK PASS FAILED 133
CHECK PASS FAILED 134
CHECK PASS FAILED 135
CHECK PASS FAILED 136
CHECK PASS FAILED 137
CHECK PASS FAILED 138
CHECK PASS FAILED 139
CHECK PASS FAILED 140
CHECK PASS FAILED 141
CHECK PASS FAILED 142
CHECK PASS FAILED 143
CHECK PASS FAILED 144
CHECK PASS FAILED 145
CHECK PASS FAILED 146
CHECK PASS FAILED 147
CHECK PASS FAILED 148
CHECK PASS FAILED 149
CHECK PASS FAILED 150
CHECK PASS FAILED 151
CHECK PASS FAILED 152
CHECK PASS FAILED 153
CHECK PASS FAILED 154
CHECK PASS FAILED 155
CHECK PASS FAILED 156
CHECK PASS FAILED 157
CHECK PASS FAILED 158
CHECK PASS FAILED 159
CHECK PASS FAILED 160
CHECK PASS FAILED 161
CHECK PASS FAILED 162
CHECK PASS FAILED 163
CHECK PASS FAILED 164
CHECK PASS FAILED 165
CHECK PASS FAILED 166
CHECK PASS FAILED 167
CHECK PASS FAILED 168
CHECK PASS FAILED 169
CHECK PASS FAILED 170
CHECK PASS FAILED 171
CHECK PASS FAILED 172
CHECK PASS FAILED 173
CHECK PASS FAILED 174
CHECK PASS FAILED 175
CHECK PASS FAILED 176
CHECK PASS FAILED 177
CHECK PASS FAILED 178
CHECK PASS FAILED 179
CHECK PASS FAILED 180
CHECK PASS FAILED 181
CHECK PASS FAILED 182
CHECK PASS FAILED 183
CHECK PASS FAILED 184
CHECK PASS FAILED 185
CHECK PASS FAILED 186
CHECK PASS FAILED 187
CHECK PASS FAILED 188
CHECK PASS FAILED 189
CHECK PASS FAILED 190
CHECK PASS FAILED 191
CHECK PASS FAILED 192
CHECK PASS FAILED 193
CHECK PASS FAILED 194
CHECK PASS FAILED 195
CHECK PASS FAILED 196
CHECK PASS FAILED 197
CHECK PASS FAILED 198
CHECK PASS FAILED 199
CHECK PASS FAILED 200
CHECK PASS FAILED 201
CHECK PASS FAILED 202
CHECK PASS FAILED 203
CHECK PASS FAILED 204
CHECK PASS FAILED 205
CHECK PASS FAILED 206
CHECK PASS FAILED 207
CHECK PASS FAILED 208
CHECK PASS FAILED 209
CHECK PASS FAILED 210
CHECK PASS FAILED 211
CHECK PASS FAILED 212
CHECK PASS FAILED 213
CHECK PASS FAILED 214
CHECK PASS FAILED 215
CHECK PASS FAILED 216
CHECK PASS FAILED 217
CHECK PASS FAILED 218
CHECK PASS FAILED 219
CHECK PASS FAILED 220
CHECK PASS FAILED 221
CHECK PASS FAILED 222
CHECK PASS FAILED 223
CHECK PASS FAILED 224
CHECK PASS FAILED 225
CHECK PASS FAILED 226
CHECK PASS FAILED 227
CHECK PASS FAILED 228
CHECK PASS FAILED 229
CHECK PASS FAILED 230
CHECK PASS FAILED 231
CHECK PASS FAILED 232
CHECK PASS FAILED 233
CHECK PASS FAILED 234
CHECK PASS FAILED 235
CHECK PASS FAILED 236
CHECK PASS FAILED 237
CHECK PASS FAILED 238
CHECK PASS FAILED 239
CHECK PASS FAILED 240
CHECK PASS FAILED 241
CHECK PASS FAILED 242
CHECK PASS FAILED 243
CHECK PASS FAILED 244
CHECK PASS FAILED 245
CHECK PASS FAILED 246
CHECK PASS FAILED 247
CHECK PASS FAILED 248
CHECK PASS FAILED 249
CHECK PASS FAILED 250
CHECK PASS FAILED 251
CHECK PASS FAILED 252
CHECK PASS FAILED 253
CHECK PASS FAILED 254
CHECK PASS FAILED 255
CHECK PASS FAILED 256
CHECK PASS FAILED 257
CHECK PASS FAILED 258
CHECK PASS FAILED 259
CHECK PASS FAILED 260
CHECK PASS FAILED 261
CHECK PASS FAILED 262
CHECK PASS FAILED 263
CHECK PASS FAILED 264
CHECK PASS FAILED 265
CHECK PASS FAILED 266
CHECK PASS FAILED 267
CHECK PASS FAILED 268
CHECK PASS FAILED 269
CHECK PASS FAILED 270
CHECK PASS FAILED 271
CHECK PASS FAILED 272
CHECK PASS FAILED 273
CHECK PASS FAILED 274
CHECK PASS FAILED 275
CHECK PASS FAILED 276
CHECK PASS FAILED 277
CHECK PASS FAILED 278
CHECK PASS FAILED 279
CHECK PASS FAILED 280
CHECK PASS FAILED 281
CHECK PASS FAILED 282
CHECK PASS FAILED 283
CHECK PASS FAILED 284
CHECK PASS FAILED 285
CHECK PASS FAILED 286
CHECK PASS FAILED 287
CHECK PASS FAILED 288
CHECK PASS FAILED 289
CHECK PASS FAILED 290
CHECK PASS FAILED 291
CHECK PASS FAILED 292
CHECK PASS FAILED 293
CHECK PASS FAILED 294
CHECK PASS FAILED 295
CHECK PASS FAILED 296
CHECK PASS FAILED 297
CHECK PASS FAILED 298
CHECK PASS FAILED 299
CHECK PASS FAILED 300
CHECK PASS FAILED 301
CHECK PASS FAILED 302
CHECK PASS FAILED 303
CHECK PASS FAILED 304
CHECK PASS FAILED 305
CHECK PASS FAILED 306
CHECK PASS FAILED 307
CHECK PASS FAILED 308
CHECK PASS FAILED 309
CHECK PASS FAILED 310
CHECK PASS FAILED 311
CHECK PASS FAILED 312
CHECK PASS FAILED 313
CHECK PASS FAILED 314
CHECK PASS FAILED 315
CHECK PASS FAILED 316
CHECK PASS FAILED 317
CHECK PASS FAILED 318
CHECK PASS FAILED 319
CHECK PASS FAILED 320
CHECK PASS FAILED 321
CHECK PASS FAILED 322
CHECK PASS FAILED 323
CHECK PASS FAILED 324
CHECK PASS FAILED 325
CHECK PASS FAILED 326
CHECK PASS FAILED 327
CHECK PASS FAILED 328
CHECK PASS FAILED 329
CHECK PASS FAILED 330
CHECK PASS FAILED 331
CHECK PASS FAILED 332
CHECK PASS FAILED 333
CHECK PASS FAILED 334
CHECK PASS FAILED 335
CHECK PASS FAILED 336
CHECK PASS FAILED 337
CHECK PASS FAILED 338
CHECK PASS FAILED 339
CHECK PASS FAILED 340
CHECK PASS FAILED 341
CHECK PASS FAILED 342
CHECK PASS FAILED 343
CHECK PASS FAILED 344
CHECK PASS FAILED 345
CHECK PASS FAILED 346
CHECK PASS FAILED 347
CHECK PASS FAILED 348
CHECK PASS FAILED 349
CHECK PASS FAILED 350
CHECK PASS FAILED 351
CHECK PASS FAILED 352
CHECK PASS FAILED 353
CHECK PASS FAILED 354
CHECK PASS FAILED 355
CHECK PASS FAILED 356
CHECK PASS FAILED 357
CHECK PASS FAILED 358
CHECK PASS FAILED 359
CHECK PASS FAILED 360
CHECK PASS FAILED 361
CHECK PASS FAILED 362
CHECK PASS FAILED 363
CHECK PASS FAILED 364
CHECK PASS FAILED 365
CHECK PASS FAILED 366
CHECK PASS FAILED 367
CHECK PASS FAILED 368
CHECK PASS FAILED 369
CHECK PASS FAILED 370
CHECK PASS FAILED 371
CHECK PASS FAILED 372
CHECK PASS FAILED 373
CHECK PASS FAILED 374
CHECK PASS FAILED 375
CHECK PASS FAILED 376
CHECK PASS FAILED 377
CHECK PASS FAILED 378
CHECK PASS FAILED 379
CHECK PASS FAILED 380
CHECK PASS FAILED 381
CHECK PASS FAILED 382
CHECK PASS FAILED 383
CHECK PASS FAILED 384
CHECK PASS FAILED 385
CHECK PASS FAILED 386
CHECK PASS FAILED 387
CHECK PASS FAILED 388
CHECK PASS FAILED 389
CHECK PASS FAILED 390
CHECK PASS FAILED 391
CHECK PASS FAILED 392
CHECK PASS FAILED 393
CHECK PASS FAILED 394
CHECK PASS FAILED 395
CHECK PASS FAILED 396
CHECK PASS FAILED 397
CHECK PASS FAILED 398
CHECK PASS FAILED 399
CHECK PASS FAILED 400
CHECK PASS FAILED 401
CHECK PASS FAILED 402
CHECK PASS FAILED 403
CHECK PASS FAILED 404
CHECK PASS FAILED 405
CHECK PASS FAILED 406
CHECK PASS FAILED 407
CHECK PASS FAILED 408
CHECK PASS FAILED 409
CHECK PASS FAILED 410
CHECK PASS FAILED 411
CHECK PASS FAILED 412
CHECK PASS FAILED 413
CHECK PASS FAILED 414
CHECK PASS FAILED 415
CHECK PASS FAILED 416
CHECK PASS FAILED 417
CHECK PASS FAILED 418
CHECK PASS FAILED 419
CHECK PASS FAILED 420
CHECK PASS FAILED 421
CHECK PASS FAILED 422
CHECK PASS FAILED 423
CHECK PASS FAILED 424
CHECK PASS FAILED 425
CHECK PASS FAILED 426
CHECK PASS FAILED 427
CHECK PASS FAILED 428
CHECK PASS FAILED 429
CHECK PASS FAILED 430
CHECK PASS FAILED 431
CHECK PASS FAILED 432
CHECK PASS FAILED 433
CHECK PASS FAILED 434
CHECK PASS FAILED 435
CHECK PASS FAILED 436
CHECK PASS FAILED 437
CHECK PASS FAILED 438
CHECK PASS FAILED 439
CHECK PASS FAILED 440
CHECK PASS FAILED 441
CHECK PASS FAILED 442
CHECK PASS FAILED 443
CHECK PASS FAILED 444
CHECK PASS FAILED 445
CHECK PASS FAILED 446
CHECK PASS FAILED 447
CHECK PASS FAILED 448
CHECK PASS FAILED 449
CHECK PASS FAILED 450
CHECK PASS FAILED 451
CHECK PASS FAILED 452
CHECK PASS FAILED 453
CHECK PASS FAILED 454
CHECK PASS FAILED 455
CHECK PASS FAILED 456
CHECK PASS FAILED 457
CHECK PASS FAILED 458
CHECK PASS FAILED 459
CHECK PASS FAILED 460
CHECK PASS FAILED 461
CHECK PASS FAILED 462
CHECK PASS FAILED 463
CHECK PASS FAILED 464
CHECK PASS FAILED 465
CHECK PASS FAILED 466
CHECK PASS FAILED 467
CHECK PASS FAILED 468
CHECK PASS FAILED 469
CHECK PASS FAILED 470
CHECK PASS FAILED 471
CHECK PASS FAILED 472
CHECK PASS FAILED 473
CHECK PASS FAILED 474
CHECK PASS FAILED 475
CHECK PASS FAILED 476
CHECK PASS FAILED 477
CHECK PASS FAILED 478
CHECK PASS FAILED 479
CHECK PASS FAILED 480
CHECK PASS FAILED 481
CHECK PASS FAILED 482
CHECK PASS FAILED 483
CHECK PASS FAILED 484
CHECK PASS FAILED 485
Using Z3 solver to optimize value expression
-------------------------------------------------------------------------
-------------------------------------------------------------------------
-------------------------------------------------------------------------
--------------------------------OUTCOME-------------------------------------
|truthful violate check        |value                                   |
-------------------------------------------------------------------------
|collusion violate check       |value                                   |
-------------------------------------------------------------------------
|effecient violate check       |value                                   |
-------------------------------------------------------------------------
|expectation                   |Effecient                               |
-------------------------------------------------------------------------
|expectation                   |Uneffecient                             |
-------------------------------------------
|Uneffecient Case                         |
-------------------------------------------
----------------State Variable-----------------------
|name                |value               |
|benefits            |(let ((a!1 (store (store (store ((as const (Array String Int)) 4) "!6!" 0)
                         "!5!"
                         0)
                  "!3!"
                  0)))
  (store (store (store (store a!1 "!4!" 0) "!0!" 0) "!2!" 0) "!0!" 100000000001))|
|extensionTime       |2                   |
|utilities           |(let ((a!1 (store (store (store ((as const (Array String Int)) 3) "!6!" 0)
                         "!5!"
                         0)
                  "!3!"
                  0)))
  (store (store (store (store a!1 "!4!" 0) "!0!" 0) "!2!" 0) "!0!" 0))|
|auctionStart        |0                   |
|payments            |(let ((a!1 (store (store (store ((as const (Array String Int)) 5) "!6!" 0)
                         "!5!"
                         0)
                  "!3!"
                  0)))
  (store (store (store a!1 "!4!" 0) "!0!" 0) "!2!" 0))|
|auctionEnd          |2                   |
|highestBid          |100000000001        |
|highestBidder       |"!0!"               |
|highestBidderCC     |""                  |
|highestBidIsCC      |false               |
----------------Local Variable-----------------------
|winners_count       |1                   |
|expectation         |100000000001        |
|block_timestamp6    |0                   |
|msg_value6          |100000000001        |
|msg_sender5         |"!5!"               |
|block_timestamp4    |0                   |
|p4                  |100000000001        |
|p5                  |100000000001        |
|msg_sender4         |"!4!"               |
|block_timestamp3    |0                   |
|p6                  |100000000001        |
|p3                  |100000000001        |
|msg_sender3         |"!3!"               |
|block_timestamp2    |0                   |
|p2                  |100000000002        |
|msg_sender          |"!6!"               |
|block_timestamp1    |0                   |
|msg_sender6         |"!6!"               |
|msg_value5          |100000000001        |
|msg_value           |100000000001        |
|duration            |10000000000         |
|block_timestamp5    |0                   |
|msg_gas             |msg_gas6@286_0_     |
|block_timestamp     |0                   |
|msg_value1          |100000000001        |
|msg_value4          |100000000001        |
|msg_value3          |100000000001        |
|msg_value2          |100000000001        |
|msg_sender1         |"!0!"               |
|p1                  |100000000001        |
|msg_sender2         |"!2!"               |
-------------------------------------------

|utilities                     |value                                   |
-------------------------------------------------------------------------
|utilities[msg_sender1]        |0                                       |
-------------------------------------------------------------------------
|utilities[msg_sender2]        |0                                       |
-------------------------------------------------------------------------
|utilities[msg_sender3]        |0                                       |
-------------------------------------------------------------------------
|utilities[msg_sender4]        |0                                       |
-------------------------------------------------------------------------
|utilities[msg_sender5]        |0                                       |
-------------------------------------------------------------------------
|utilities[msg_sender6]        |0                                       |
-------------------------------------------------------------------------
|revenue                       |value                                   |
-------------------------------------------------------------------------

|winner                        |value                                   |
-------------------------------------------------------------------------
|msg_sender1                   |"!0!"                                   |
-------------------------------------------------------------------------

hint
benefit:100000000001
optional benefit:100000000002
-------------------------------------------------------------------------
|optimal violate check         |value                                   |
**************************************
*    outcome pattern                 *
**************************************
*************************************
*         report                    *
*************************************
* model construction time: 385.027s
*  property checking time: 0.154s
*              total time: 385.181s
*  pattern [ fairness:(contexts)-(violates) ] 
*      truthful:486-0
*collusion-free:486-0
*       optimal:486-0
*     efficient:486-1
*************************************
