analyzing contract [ CryptoRomeAuction ]
exit contract [ CryptoRomeAuction ]
analyzing contract [ CryptoRomeAuction ]
exit contract [ CryptoRomeAuction ]
state variables: 
	varName: benefits@130, value: benefits@130_0_, sort: (Array String Int)
	varName: refunds@28, value: refunds@28_0_, sort: (Array String Int)
	varName: startingPrice@4, value: startingPrice@4_0_, sort: Int
	varName: extensionTime@10, value: extensionTime@10_0_, sort: Int
	varName: utilities@126, value: utilities@126_0_, sort: (Array String Int)
	varName: block.timestamp, value: block.timestamp_0_, sort: Int
	varName: this.balance, value: this.balance_0_, sort: Int
	varName: auctionStart@2, value: auctionStart@2_0_, sort: Int
	varName: paymentAddress@20, value: paymentAddress@20_0_, sort: String
	varName: msg.sender, value: msg.sender_0_, sort: String
	varName: payments@134, value: payments@134_0_, sort: (Array String Int)
	varName: msg.value, value: msg.value_0_, sort: Int
	varName: auctionEnd@8, value: auctionEnd@8_0_, sort: Int
	varName: endingPrice@6, value: endingPrice@6_0_, sort: Int
	varName: highestBid@12, value: highestBid@12_0_, sort: Int
	varName: highestBidder@14, value: highestBidder@14_0_, sort: String
	varName: highestBidderCC@16, value: highestBidderCC@16_0_, sort: (Array Int Int)
	varName: highestBidIsCC@18, value: highestBidIsCC@18_0_, sort: Bool
	varName: tokenId@22, value: tokenId@22_0_, sort: Int
	varName: ended@24, value: ended@24_0_, sort: Bool
local variables: 
	varName: expectation@690, value: expectation@690_0_, sort: Int
	varName: winners_count@558, value: winners_count@558_0_, sort: Int
	varName: block_timestamp4@268, value: block_timestamp4@268_0_, sort: Int
	varName: msg_gas4@266, value: msg_gas4@266_0_, sort: Int
	varName: p4@262, value: p4@262_0_, sort: Int
	varName: msg_sender4@260, value: msg_sender4@260_0_, sort: String
	varName: block_timestamp3@258, value: block_timestamp3@258_0_, sort: Int
	varName: msg_gas3@256, value: msg_gas3@256_0_, sort: Int
	varName: p3@252, value: p3@252_0_, sort: Int
	varName: msg_sender3@250, value: msg_sender3@250_0_, sort: String
	varName: block_timestamp2@248, value: block_timestamp2@248_0_, sort: Int
	varName: msg_gas2@246, value: msg_gas2@246_0_, sort: Int
	varName: p2@242, value: p2@242_0_, sort: Int
	varName: v_1@180, value: v_1@180_0_, sort: Int
	varName: allocation@190, value: allocation@190_0_, sort: String
	varName: v1@178, value: v1@178_0_, sort: Int
	varName: msg_sender@40, value: msg_sender@40_0_, sort: String
	varName: other_allocation@204, value: other_allocation@204_0_, sort: String
	varName: u@166, value: u@166_0_, sort: Int
	varName: a@136, value: a@136_0_, sort: String
	varName: block_timestamp1@238, value: block_timestamp1@238_0_, sort: Int
	varName: a@148, value: a@148_0_, sort: Int
	varName: msg_value@42, value: msg_value@42_0_, sort: Int
	varName: duration@64, value: duration@64_0_, sort: Int
	varName: a@142, value: a@142_0_, sort: Int
	varName: b@170, value: b@170_0_, sort: Int
	varName: msg_gas@44, value: msg_gas@44_0_, sort: Int
	varName: v2@182, value: v2@182_0_, sort: Int
	varName: u12@176, value: u12@176_0_, sort: Int
	varName: a@168, value: a@168_0_, sort: Int
	varName: v_2@184, value: v_2@184_0_, sort: Int
	varName: block_timestamp@46, value: block_timestamp@46_0_, sort: Int
	varName: player@192, value: player@192_0_, sort: String
	varName: benefit@194, value: benefit@194_0_, sort: Int
	varName: msg_value1@234, value: msg_value1@234_0_, sort: Int
	varName: benefit@200, value: benefit@200_0_, sort: Int
	varName: allocation@202, value: allocation@202_0_, sort: String
	varName: allocation@210, value: allocation@210_0_, sort: String
	varName: a@160, value: a@160_0_, sort: Int
	varName: benefit@220, value: benefit@220_0_, sort: Int
	varName: msg_value4@264, value: msg_value4@264_0_, sort: Int
	varName: player@212, value: player@212_0_, sort: String
	varName: payment@214, value: payment@214_0_, sort: Int
	varName: allocation@222, value: allocation@222_0_, sort: String
	varName: msg_value3@254, value: msg_value3@254_0_, sort: Int
	varName: a@154, value: a@154_0_, sort: Int
	varName: other_allocation@224, value: other_allocation@224_0_, sort: String
	varName: msg_gas1@236, value: msg_gas1@236_0_, sort: Int
	varName: msg_value2@244, value: msg_value2@244_0_, sort: Int
	varName: msg_sender1@230, value: msg_sender1@230_0_, sort: String
	varName: p1@232, value: p1@232_0_, sort: Int
	varName: msg_sender2@240, value: msg_sender2@240_0_, sort: String
%%%%%%%%%%%%%%%%%%%%%%%%%%%%%%%%%%%%%%%%%%%%%%
symbolically execute function [_Main_]
CHECK PASS FAILED 0
CHECK PASS FAILED 1
CHECK PASS FAILED 2
CHECK PASS FAILED 3
CHECK PASS FAILED 4
CHECK PASS FAILED 5
CHECK PASS FAILED 6
CHECK PASS FAILED 7
CHECK PASS FAILED 8
CHECK PASS FAILED 9
CHECK PASS FAILED 10
CHECK PASS FAILED 11
CHECK PASS FAILED 12
CHECK PASS FAILED 13
CHECK PASS FAILED 14
CHECK PASS FAILED 15
CHECK PASS FAILED 16
CHECK PASS FAILED 17
CHECK PASS FAILED 18
CHECK PASS FAILED 19
CHECK PASS FAILED 20
CHECK PASS FAILED 21
CHECK PASS FAILED 22
CHECK PASS FAILED 23
CHECK PASS FAILED 24
CHECK PASS FAILED 25
CHECK PASS FAILED 26
CHECK PASS FAILED 27
CHECK PASS FAILED 28
CHECK PASS FAILED 29
CHECK PASS FAILED 30
CHECK PASS FAILED 31
CHECK PASS FAILED 32
CHECK PASS FAILED 33
CHECK PASS FAILED 34
CHECK PASS FAILED 35
CHECK PASS FAILED 36
CHECK PASS FAILED 37
CHECK PASS FAILED 38
CHECK PASS FAILED 39
CHECK PASS FAILED 40
CHECK PASS FAILED 41
CHECK PASS FAILED 42
CHECK PASS FAILED 43
CHECK PASS FAILED 44
CHECK PASS FAILED 45
CHECK PASS FAILED 46
CHECK PASS FAILED 47
CHECK PASS FAILED 48
CHECK PASS FAILED 49
CHECK PASS FAILED 50
CHECK PASS FAILED 51
CHECK PASS FAILED 52
CHECK PASS FAILED 53
Using Z3 solver to optimize value expression
-------------------------------------------------------------------------
-------------------------------------------------------------------------
-------------------------------------------------------------------------
--------------------------------OUTCOME-------------------------------------
|truthful violate check        |value                                   |
-------------------------------------------------------------------------
|collusion violate check       |value                                   |
-------------------------------------------------------------------------
|effecient violate check       |value                                   |
-------------------------------------------------------------------------
|expectation                   |Effecient                               |
-------------------------------------------------------------------------
|expectation                   |Uneffecient                             |
-------------------------------------------
|Uneffecient Case                         |
-------------------------------------------
----------------State Variable-----------------------
|name                |value               |
|benefits            |(let ((a!1 (store (store (store ((as const (Array String Int)) 4) "!3!" 0)
                         "!4!"
                         0)
                  "!0!"
                  0)))
  (store (store a!1 "!2!" 0) "!0!" 100000000001))|
|extensionTime       |2                   |
|utilities           |(let ((a!1 (store (store (store ((as const (Array String Int)) 3) "!3!" 0)
                         "!4!"
                         0)
                  "!0!"
                  0)))
  (store (store a!1 "!2!" 0) "!0!" 0))|
|auctionStart        |0                   |
|payments            |(let ((a!1 (store (store (store ((as const (Array String Int)) 5) "!3!" 0)
                         "!4!"
                         0)
                  "!0!"
                  0)))
  (store a!1 "!2!" 0))|
|auctionEnd          |2                   |
|highestBid          |100000000001        |
|highestBidder       |"!0!"               |
|highestBidderCC     |""                  |
|highestBidIsCC      |false               |
----------------Local Variable-----------------------
|expectation         |100000000001        |
|winners_count       |1                   |
|block_timestamp4    |0                   |
|p4                  |100000000001        |
|msg_sender4         |"!4!"               |
|block_timestamp3    |0                   |
|p3                  |100000000001        |
|msg_sender3         |"!3!"               |
|block_timestamp2    |0                   |
|p2                  |100000000002        |
|msg_sender          |"!4!"               |
|block_timestamp1    |0                   |
|msg_value           |100000000001        |
|duration            |10000000000         |
|msg_gas             |msg_gas4@266_0_     |
|block_timestamp     |0                   |
|msg_value1          |100000000001        |
|msg_value4          |100000000001        |
|msg_value3          |100000000001        |
|msg_value2          |100000000001        |
|msg_sender1         |"!0!"               |
|p1                  |100000000001        |
|msg_sender2         |"!2!"               |
-------------------------------------------

|utilities                     |value                                   |
-------------------------------------------------------------------------
|utilities[msg_sender1]        |0                                       |
-------------------------------------------------------------------------
|utilities[msg_sender2]        |0                                       |
-------------------------------------------------------------------------
|utilities[msg_sender3]        |0                                       |
-------------------------------------------------------------------------
|utilities[msg_sender4]        |0                                       |
-------------------------------------------------------------------------
|revenue                       |value                                   |
-------------------------------------------------------------------------

|winner                        |value                                   |
-------------------------------------------------------------------------
|msg_sender1                   |"!0!"                                   |
-------------------------------------------------------------------------

hint
benefit:100000000001
optional benefit:100000000002
-------------------------------------------------------------------------
|optimal violate check         |value                                   |
**************************************
*    outcome pattern                 *
**************************************
*************************************
*         report                    *
*************************************
* model construction time: 29.711s
*  property checking time: 0.099s
*              total time: 29.81s
*  pattern [ fairness:(contexts)-(violates) ] 
*      truthful:54-0
*collusion-free:54-0
*       optimal:54-0
*     efficient:54-1
*************************************
