analyzing contract [ Ballot ]
exit contract [ Ballot ]
analyzing contract [ Ballot ]
exit contract [ Ballot ]
state variables: 
	varName: utilities@254, value: utilities@254_0_, sort: (Array String Int)
	varName: proposals@22, value: proposals@22_0_, sort: (Array Int Proposal)
	varName: benefits@258, value: benefits@258_0_, sort: (Array String Int)
	varName: msg.value, value: msg.value_0_, sort: Int
	varName: msg.sender, value: msg.sender_0_, sort: String
	varName: this.balance, value: this.balance_0_, sort: Int
	varName: block.timestamp, value: block.timestamp_0_, sort: Int
	varName: chairperson@15, value: chairperson@15_0_, sort: String
	varName: voters@19, value: voters@19_0_, sort: (Array String Voter)
local variables: 
	varName: winner@612, value: winner@612_0_, sort: Int
	varName: p5_value@378, value: p5_value@378_0_, sort: Int
	varName: msg_sender5@374, value: msg_sender5@374_0_, sort: String
	varName: msg_value5@382, value: msg_value5@382_0_, sort: Int
	varName: p4@366, value: p4@366_0_, sort: Int
	varName: p3@356, value: p3@356_0_, sort: Int
	varName: msg_value4@372, value: msg_value4@372_0_, sort: Int
	varName: msg_sender3@354, value: msg_sender3@354_0_, sort: String
	varName: msg_value2@352, value: msg_value2@352_0_, sort: Int
	varName: p2_rv_value@350, value: p2_rv_value@350_0_, sort: Int
	varName: p5@376, value: p5@376_0_, sort: Int
	varName: p2_value@348, value: p2_value@348_0_, sort: Int
	varName: p2@346, value: p2@346_0_, sort: Int
	varName: a@278, value: a@278_0_, sort: Int
	varName: a@272, value: a@272_0_, sort: Int
	varName: prop@207, value: prop@207_0_, sort: Int
	varName: a@266, value: a@266_0_, sort: Int
	varName: p3_rv_value@360, value: p3_rv_value@360_0_, sort: Int
	varName: a@260, value: a@260_0_, sort: Int
	varName: _winningProposal@200, value: _winningProposal@200_0_, sort: Int
	varName: sender@76, value: sender@76_0_, sort: Voter
	varName: _numProposals@240, value: _numProposals@240_0_, sort: Int
	varName: toProposal@158, value: toProposal@158_0_, sort: Int
	varName: msg_sender4@364, value: msg_sender4@364_0_, sort: String
	varName: p3_value@358, value: p3_value@358_0_, sort: Int
	varName: benefit@318, value: benefit@318_0_, sort: Int
	varName: toVoter@48, value: toVoter@48_0_, sort: String
	varName: winningVoteCount@203, value: winningVoteCount@203_0_, sort: Int
	varName: p1_rv_value@340, value: p1_rv_value@340_0_, sort: Int
	varName: other_allocation@328, value: other_allocation@328_0_, sort: Bool
	varName: _numProposals@24, value: _numProposals@24_0_, sort: Int
	varName: p4_rv_value@370, value: p4_rv_value@370_0_, sort: Int
	varName: u@290, value: u@290_0_, sort: Int
	varName: a@284, value: a@284_0_, sort: Int
	varName: to@72, value: to@72_0_, sort: String
	varName: msg_value3@362, value: msg_value3@362_0_, sort: Int
	varName: msg_value1@342, value: msg_value1@342_0_, sort: Int
	varName: msg_sender@156, value: msg_sender@156_0_, sort: String
	varName: p4_value@368, value: p4_value@368_0_, sort: Int
	varName: a@292, value: a@292_0_, sort: Int
	varName: b@294, value: b@294_0_, sort: Int
	varName: u12@300, value: u12@300_0_, sort: Int
	varName: v2@306, value: v2@306_0_, sort: Int
	varName: delegateTo@129, value: delegateTo@129_0_, sort: Voter
	varName: msg_sender2@344, value: msg_sender2@344_0_, sort: String
	varName: v_1@304, value: v_1@304_0_, sort: Int
	varName: v_2@308, value: v_2@308_0_, sort: Int
	varName: msg_sender1@334, value: msg_sender1@334_0_, sort: String
	varName: allocation@314, value: allocation@314_0_, sort: Bool
	varName: v1@302, value: v1@302_0_, sort: Int
	varName: new_allocation@316, value: new_allocation@316_0_, sort: Bool
	varName: g_false@724, value: g_false@724_0_, sort: Int
	varName: allocation@326, value: allocation@326_0_, sort: Bool
	varName: p1@336, value: p1@336_0_, sort: Int
	varName: p5_rv_value@380, value: p5_rv_value@380_0_, sort: Int
	varName: benefit@324, value: benefit@324_0_, sort: Int
	varName: p1_value@338, value: p1_value@338_0_, sort: Int
%%%%%%%%%%%%%%%%%%%%%%%%%%%%%%%%%%%%%%%%%%%%%%
symbolically execute function [_Main_]
CHECK PASS FAILED 0
CHECK PASS FAILED 1
CHECK PASS FAILED 2
CHECK PASS FAILED 3
CHECK PASS FAILED 4
CHECK PASS FAILED 5
CHECK PASS FAILED 6
CHECK PASS FAILED 7
CHECK PASS FAILED 8
CHECK PASS FAILED 9
CHECK PASS FAILED 10
CHECK PASS FAILED 11
CHECK PASS FAILED 12
CHECK PASS FAILED 13
CHECK PASS FAILED 14
CHECK PASS FAILED 15
CHECK PASS FAILED 16
CHECK PASS FAILED 17
CHECK PASS FAILED 18
CHECK PASS FAILED 19
CHECK PASS FAILED 20
CHECK PASS FAILED 21
CHECK PASS FAILED 22
CHECK PASS FAILED 23
CHECK PASS FAILED 24
CHECK PASS FAILED 25
CHECK PASS FAILED 26
CHECK PASS FAILED 27
CHECK PASS FAILED 28
CHECK PASS FAILED 29
CHECK PASS FAILED 30
CHECK PASS FAILED 31
Using Z3 solver to optimize value expression
-------------------------------------------------------------------------
-------------------------------------------------------------------------
-------------------------------------------------------------------------
--------------------------------OUTCOME-------------------------------------
|truthful violate check        |value                                   |
-------------------------------------------------------------------------
|collusion violate check       |value                                   |
-------------------------------------------------------------------------
|effecient violate check       |value                                   |
-------------------------------------------------------------------------
