analyzing contract [ Rewrite ]
exit contract [ Rewrite ]
analyzing contract [ Rewrite ]
exit contract [ Rewrite ]
state variables: 
	varName: benefits@143, value: benefits@143_0_, sort: (Array String Int)
	varName: utilities@139, value: utilities@139_0_, sort: (Array String Int)
	varName: proposals@24, value: proposals@24_0_, sort: (Array Int Proposal)
	varName: msg.value, value: msg.value_0_, sort: Int
	varName: msg.sender, value: msg.sender_0_, sort: String
	varName: block.timestamp, value: block.timestamp_0_, sort: Int
	varName: chairperson@17, value: chairperson@17_0_, sort: String
	varName: this.balance, value: this.balance_0_, sort: Int
	varName: voters@21, value: voters@21_0_, sort: (Array String Voter)
local variables: 
	varName: msg_value5@277, value: msg_value5@277_0_, sort: Bool
	varName: p5_rv_value@275, value: p5_rv_value@275_0_, sort: Int
	varName: p5_value@273, value: p5_value@273_0_, sort: Int
	varName: p5@271, value: p5@271_0_, sort: Bool
	varName: p4_rv_value@265, value: p4_rv_value@265_0_, sort: Int
	varName: msg_value3@257, value: msg_value3@257_0_, sort: Bool
	varName: p3_rv_value@255, value: p3_rv_value@255_0_, sort: Int
	varName: p3_value@253, value: p3_value@253_0_, sort: Int
	varName: msg_sender5@269, value: msg_sender5@269_0_, sort: String
	varName: msg_sender3@249, value: msg_sender3@249_0_, sort: String
	varName: msg_value2@247, value: msg_value2@247_0_, sort: Bool
	varName: p2_rv_value@245, value: p2_rv_value@245_0_, sort: Int
	varName: v1@187, value: v1@187_0_, sort: Bool
	varName: a@177, value: a@177_0_, sort: Bool
	varName: a@169, value: a@169_0_, sort: Int
	varName: p4_value@263, value: p4_value@263_0_, sort: Int
	varName: a@157, value: a@157_0_, sort: Int
	varName: a@163, value: a@163_0_, sort: Int
	varName: msg_value4@267, value: msg_value4@267_0_, sort: Bool
	varName: winningVoteCount@97, value: winningVoteCount@97_0_, sort: Int
	varName: p4@261, value: p4@261_0_, sort: Bool
	varName: a@145, value: a@145_0_, sort: String
	varName: b@179, value: b@179_0_, sort: Bool
	varName: numOfProposal@26, value: numOfProposal@26_0_, sort: Int
	varName: proposal@40, value: proposal@40_0_, sort: Int
	varName: msg_sender@38, value: msg_sender@38_0_, sort: String
	varName: p@101, value: p@101_0_, sort: Int
	varName: u12@185, value: u12@185_0_, sort: Int
	varName: benefit@203, value: benefit@203_0_, sort: Int
	varName: p1_value@233, value: p1_value@233_0_, sort: Int
	varName: winningProposal_@94, value: winningProposal_@94_0_, sort: Int
	varName: msg_sender2@239, value: msg_sender2@239_0_, sort: String
	varName: winner@407, value: winner@407_0_, sort: Int
	varName: u@175, value: u@175_0_, sort: Int
	varName: v2@191, value: v2@191_0_, sort: Bool
	varName: v_2@193, value: v_2@193_0_, sort: Bool
	varName: v_1@189, value: v_1@189_0_, sort: Bool
	varName: allocation@211, value: allocation@211_0_, sort: String
	varName: a@151, value: a@151_0_, sort: Int
	varName: player@201, value: player@201_0_, sort: String
	varName: p1_rv_value@235, value: p1_rv_value@235_0_, sort: Int
	varName: benefit@209, value: benefit@209_0_, sort: Int
	varName: p2_value@243, value: p2_value@243_0_, sort: Int
	varName: other_allocation@213, value: other_allocation@213_0_, sort: String
	varName: benefit@219, value: benefit@219_0_, sort: Int
	varName: allocation@221, value: allocation@221_0_, sort: String
	varName: p3@251, value: p3@251_0_, sort: Bool
	varName: msg_sender1@229, value: msg_sender1@229_0_, sort: String
	varName: msg_sender4@259, value: msg_sender4@259_0_, sort: String
	varName: other_allocation@223, value: other_allocation@223_0_, sort: String
	varName: p1@231, value: p1@231_0_, sort: Bool
	varName: msg_value1@237, value: msg_value1@237_0_, sort: Bool
	varName: allocation@199, value: allocation@199_0_, sort: String
	varName: p2@241, value: p2@241_0_, sort: Bool
%%%%%%%%%%%%%%%%%%%%%%%%%%%%%%%%%%%%%%%%%%%%%%
symbolically execute function [_Main_]
Using Z3 solver to optimize value expression
-------------------------------------------------------------------------
-------------------------------------------------------------------------
-------------------------------------------------------------------------
--------------------------------OUTCOME-------------------------------------
|truthful violate check        |value                                   |
-------------------------------------------------------------------------
|utilities[msg_sender1]        |Truthful                                |
for voting
-------------------------------------------
|truthful voting case                     |
-------------------------------------------
----------------State Variable-----------------------
|name                |value               |
|utilities           |(store (store (store ((as const (Array String Int)) 7) "\x00" (- 8855))
              ""
              (- 1236))
       "\x00\x00"
       (- 8365))|
|proposals           |2                   |
|voters              |(let ((a!1 (store (store ((as const (Array String Voter)) (Voter 6 false "" 2))
                         ""
                         (Voter 590 false "" 4))
                  "\x00\x00"
                  (Voter (- 2617) false "\x00\x00" 3))))
  (store (store (store a!1 "\x00" (Voter (- 2282) true "\x00" 0))
                ""
                (Voter 590 true "" 0))
         "\x00\x00"
         (Voter (- 2617) true "\x00\x00" 0)))|
----------------Local Variable-----------------------
|p5_value            |(- 8365)            |
|p3_value            |(- 1236)            |
|msg_sender5         |"\x00\x00"          |
|msg_sender3         |""                  |
|p4_value            |(- 1796)            |
|winningVoteCount    |(+ (- 6336) (voteCount (select proposals@24_0_ 0)))|
|numOfProposal       |2                   |
|proposal            |0                   |
|msg_sender          |"\x00\x00"          |
|p                   |2                   |
|p1_value            |(- 8855)            |
|winningProposal_    |0                   |
|msg_sender2         |""                  |
|winner              |0                   |
|p1_rv_value         |(- 1)               |
|p2_value            |(- 2437)            |
|msg_sender1         |"\x00"              |
|msg_sender4         |"\x00\x00"          |
-------------------------------------------

|utilities                     |value                                   |
-------------------------------------------------------------------------
|utilities[msg_sender1]        |(- 8855)                                |
-------------------------------------------------------------------------
|utilities[msg_sender2]        |(- 1236)                                |
-------------------------------------------------------------------------
|utilities[msg_sender3]        |(- 1236)                                |
-------------------------------------------------------------------------
|utilities[msg_sender4]        |(- 8365)                                |
-------------------------------------------------------------------------
|utilities[msg_sender5]        |(- 8365)                                |
-------------------------------------------------------------------------
|revenue                       |value                                   |
-------------------------------------------------------------------------

|winner                        |value                                   |
-------------------------------------------------------------------------

-------------------------------------------------------------------------
|collusion violate check       |value                                   |
-------------------------------------------------------------------------
|effecient violate check       |value                                   |
-------------------------------------------------------------------------
|optimal violate check         |value                                   |
**************************************
*    outcome pattern                 *
**************************************
*************************************
*         report                    *
*************************************
* model construction time: 95.239s
*  property checking time: 0.737s
*              total time: 95.976s
*  pattern [ fairness:(contexts)-(violates) ] 
*      truthful:54-0
*collusion-free:54-0
*       optimal:54-0
*     efficient:54-0
*************************************
