analyzing contract [ SafeMath ]
exit contract [ SafeMath ]
analyzing contract [ AuctionPotato ]
exit contract [ AuctionPotato ]
analyzing contract [ SafeMath ]
exit contract [ SafeMath ]
analyzing contract [ AuctionPotato ]
exit contract [ AuctionPotato ]
state variables: 
	varName: payments@866, value: payments@866_0_, sort: (Array String Int)
	varName: utilities@858, value: utilities@858_0_, sort: (Array String Int)
	varName: fundsByBidder@141, value: fundsByBidder@141_0_, sort: (Array String Int)
	varName: blockerWithdraw@137, value: blockerWithdraw@137_0_, sort: Bool
	varName: blockerPay@135, value: blockerPay@135_0_, sort: Bool
	varName: highestBidder@133, value: highestBidder@133_0_, sort: String
	varName: ownerHasWithdrawn@143, value: ownerHasWithdrawn@143_0_, sort: Bool
	varName: msg.value, value: msg.value_0_, sort: Int
	varName: oldHighestBindingBid@117, value: oldHighestBindingBid@117_0_, sort: Int
	varName: owner@103, value: owner@103_0_, sort: String
	varName: startTime@105, value: startTime@105_0_, sort: Int
	varName: oldPotato@115, value: oldPotato@115_0_, sort: Int
	varName: benefits@862, value: benefits@862_0_, sort: (Array String Int)
	varName: block.timestamp, value: block.timestamp_0_, sort: Int
	varName: this.balance, value: this.balance_0_, sort: Int
	varName: msg.sender, value: msg.sender_0_, sort: String
	varName: creatureOwner@119, value: creatureOwner@119_0_, sort: String
	varName: endTime@107, value: endTime@107_0_, sort: Int
	varName: highestBindingBid@131, value: highestBindingBid@131_0_, sort: Int
	varName: name@109, value: name@109_0_, sort: String
	varName: started@111, value: started@111_0_, sort: Bool
	varName: creature_newOwner@121, value: creature_newOwner@121_0_, sort: String
	varName: potato@113, value: potato@113_0_, sort: Int
	varName: canceled@129, value: canceled@129_0_, sort: Bool
local variables: 
	varName: p3@984, value: p3@984_0_, sort: Int
	varName: msg_sender3@982, value: msg_sender3@982_0_, sort: String
	varName: block_timestamp2@980, value: block_timestamp2@980_0_, sort: Int
	varName: msg_gas2@978, value: msg_gas2@978_0_, sort: Int
	varName: block_timestamp1@970, value: block_timestamp1@970_0_, sort: Int
	varName: p1@964, value: p1@964_0_, sort: Int
	varName: other_allocation@956, value: other_allocation@956_0_, sort: String
	varName: msg_gas3@988, value: msg_gas3@988_0_, sort: Int
	varName: payment@946, value: payment@946_0_, sort: Int
	varName: other_allocation@936, value: other_allocation@936_0_, sort: String
	varName: allocation@934, value: allocation@934_0_, sort: String
	varName: benefit@932, value: benefit@932_0_, sort: Int
	varName: winners_count@1229, value: winners_count@1229_0_, sort: Int
	varName: player@924, value: player@924_0_, sort: String
	varName: v_2@916, value: v_2@916_0_, sort: Int
	varName: msg_value3@986, value: msg_value3@986_0_, sort: Int
	varName: v1@910, value: v1@910_0_, sort: Int
	varName: a@900, value: a@900_0_, sort: Int
	varName: msg_sender1@962, value: msg_sender1@962_0_, sort: String
	varName: u@898, value: u@898_0_, sort: Int
	varName: a@892, value: a@892_0_, sort: Int
	varName: a@886, value: a@886_0_, sort: Int
	varName: a@880, value: a@880_0_, sort: Int
	varName: a@874, value: a@874_0_, sort: Int
	varName: ret@59, value: ret@59_0_, sort: Int
	varName: ret@203, value: ret@203_0_, sort: Int
	varName: u12@908, value: u12@908_0_, sort: Int
	varName: c@83, value: c@83_0_, sort: Int
	varName: _nextBid@237, value: _nextBid@237_0_, sort: Int
	varName: v2@914, value: v2@914_0_, sort: Int
	varName: _name@271, value: _name@271_0_, sort: String
	varName: b@902, value: b@902_0_, sort: Int
	varName: b@5, value: b@5_0_, sort: Int
	varName: p2@974, value: p2@974_0_, sort: Int
	varName: msg_value@768, value: msg_value@768_0_, sort: Int
	varName: a@3, value: a@3_0_, sort: Int
	varName: ret@41, value: ret@41_0_, sort: Int
	varName: benefit@952, value: benefit@952_0_, sort: Int
	varName: amount@635, value: amount@635_0_, sort: Int
	varName: _newOwner@723, value: _newOwner@723_0_, sort: String
	varName: c@18, value: c@18_0_, sort: Int
	varName: ret@80, value: ret@80_0_, sort: Int
	varName: msg_value1@966, value: msg_value1@966_0_, sort: Int
	varName: a@54, value: a@54_0_, sort: Int
	varName: c@44, value: c@44_0_, sort: Int
	varName: ret@8, value: ret@8_0_, sort: Int
	varName: msg_sender2@972, value: msg_sender2@972_0_, sort: String
	varName: allocation@922, value: allocation@922_0_, sort: String
	varName: a@36, value: a@36_0_, sort: Int
	varName: success@278, value: success@278_0_, sort: Bool
	varName: _balance@652, value: _balance@652_0_, sort: Int
	varName: b@56, value: b@56_0_, sort: Int
	varName: a@75, value: a@75_0_, sort: Int
	varName: _nextBid@248, value: _nextBid@248_0_, sort: Int
	varName: v_1@912, value: v_1@912_0_, sort: Int
	varName: b@38, value: b@38_0_, sort: Int
	varName: _name@229, value: _name@229_0_, sort: String
	varName: _duration_secs@273, value: _duration_secs@273_0_, sort: Int
	varName: block_timestamp3@990, value: block_timestamp3@990_0_, sort: Int
	varName: msg_sender@766, value: msg_sender@766_0_, sort: String
	varName: success@310, value: success@310_0_, sort: Bool
	varName: msg_gas1@968, value: msg_gas1@968_0_, sort: Int
	varName: player@944, value: player@944_0_, sort: String
	varName: success@326, value: success@326_0_, sort: Bool
	varName: allocation@954, value: allocation@954_0_, sort: String
	varName: allocation@942, value: allocation@942_0_, sort: String
	varName: success@439, value: success@439_0_, sort: Bool
	varName: b@77, value: b@77_0_, sort: Int
	varName: success@454, value: success@454_0_, sort: Bool
	varName: _creatureOwner@716, value: _creatureOwner@716_0_, sort: String
	varName: time@213, value: time@213_0_, sort: Int
	varName: withdrawalAccount@467, value: withdrawalAccount@467_0_, sort: String
	varName: withdrawalAmount@470, value: withdrawalAmount@470_0_, sort: Int
	varName: msg_value2@976, value: msg_value2@976_0_, sort: Int
	varName: benefit@926, value: benefit@926_0_, sort: Int
	varName: a@868, value: a@868_0_, sort: String
%%%%%%%%%%%%%%%%%%%%%%%%%%%%%%%%%%%%%%%%%%%%%%
symbolically execute function [_Main_]
CHECK PASS FAILED 0
Using Z3 solver to optimize value expression
-------------------------------------------------------------------------
-------------------------------------------------------------------------
-------------------------------------------------------------------------
--------------------------------OUTCOME-------------------------------------
|truthful violate check        |value                                   |
-------------------------------------------------------------------------
|collusion violate check       |value                                   |
-------------------------------------------------------------------------
|utilities[msg_sender1] + utilities[msg_sender2]|Colluded                                |
-------------------------------------------
|Colluded Case                            |
-------------------------------------------
----------------State Variable-----------------------
|name                |value               |
|payments            |(store (store (store ((as const (Array String Int)) 5) "!0!" 0) "!2!" 0)
       "!3!"
       120000000000)|
|utilities           |(store (store (store ((as const (Array String Int)) 3) "!0!" 0) "!2!" 0)
       "!3!"
       0)|
|fundsByBidder       |(let ((a!1 (store (store (store ((as const (Array String Int)) 2) "!0!" 0)
                         "!2!"
                         0)
                  "!3!"
                  0)))
  (store a!1 "!1!" 120000000002))|
|blockerPay          |false               |
|highestBidder       |"!3!"               |
|oldHighestBindingBid|0                   |
|oldPotato           |120000000000        |
|benefits            |(store (store (store ((as const (Array String Int)) 4) "!0!" 0) "!2!" 0)
       "!3!"
       120000000000)|
|highestBindingBid   |120000000000        |
|name                |name@109_0_.length  |
|started             |true                |
|potato              |66666666666         |
----------------Local Variable-----------------------
|p3                  |120000000000        |
|msg_sender3         |"!3!"               |
|p1                  |100000000001        |
|winners_count       |1                   |
|msg_value3          |120000000000        |
|msg_sender1         |"!0!"               |
|p2                  |186666666667        |
|msg_value           |120000000000        |
|msg_value1          |100000000001        |
|msg_sender2         |"!2!"               |
|msg_sender          |"!3!"               |
|msg_value2          |186666666667        |
-------------------------------------------

|utilities                     |value                                   |
-------------------------------------------------------------------------
|utilities[msg_sender1]        |0                                       |
-------------------------------------------------------------------------
|utilities[msg_sender2]        |0                                       |
-------------------------------------------------------------------------
|utilities[msg_sender3]        |0                                       |
-------------------------------------------------------------------------
|revenue                       |value                                   |
-------------------------------------------------------------------------

|winner                        |value                                   |
-------------------------------------------------------------------------
|msg_sender3                   |"!3!"                                   |
-------------------------------------------------------------------------

hint
msg_value1@966_0_:100000000001
msg_value2@976_0_:186666666667
msg_value1@966_0_#2:120000000000
msg_value2@976_0_#2:186666666666
v1&v2's utility:0
new v1&v2's colluded utility:1
-------------------------------------------------------------------------
|effecient violate check       |value                                   |
-------------------------------------------------------------------------
|optimal violate check         |value                                   |
**************************************
*    outcome pattern                 *
**************************************
*************************************
*         report                    *
*************************************
* model construction time: 2.49s
*  property checking time: 0.077s
*              total time: 2.567s
*  pattern [ fairness:(contexts)-(violates) ] 
*      truthful:7-0
*collusion-free:7-1
*       optimal:7-0
*     efficient:7-0
*************************************
